<?xml version="1.0" encoding="UTF-8"?>
<!-- Generated by org.testng.reporters.JUnitXMLReporter -->
<testsuite ignored="0" hostname="LAPTOP-Q98OKOC0" failures="0" tests="2" name="Default test" time="0.066" errors="0" timestamp="2023-07-30T15:10:58 IST">
  <testcase classname="OrangeHRM_SmokeTest.Testcase4_PersonalInfo" name="@BeforeClass Start" time="-1.690710057911E9">
    <failure type="org.testng.TestNGException" message="
Parameter &amp;apos;Orange&amp;apos; is required by BeforeClass on method Start but has not been marked @Optional or defined
in C:\Users\A AKIL GANESH\AppData\Local\Temp\testng-eclipse-1720624119\testng-customsuite.xml">
      <![CDATA[org.testng.TestNGException: 
Parameter 'Orange' is required by BeforeClass on method Start but has not been marked @Optional or defined
in C:\Users\A AKIL GANESH\AppData\Local\Temp\testng-eclipse-1720624119\testng-customsuite.xml
at org.testng.internal.Parameters.createParams(Parameters.java:270)
at org.testng.internal.Parameters.createParametersForMethod(Parameters.java:358)
at org.testng.internal.Parameters.createParameters(Parameters.java:700)
at org.testng.internal.Parameters.createConfigurationParameters(Parameters.java:168)
at org.testng.internal.ConfigInvoker.invokeConfigurations(ConfigInvoker.java:302)
at org.testng.internal.TestMethodWorker.invokeBeforeClassMethods(TestMethodWorker.java:176)
at org.testng.internal.TestMethodWorker.run(TestMethodWorker.java:122)
at java.base/java.util.ArrayList.forEach(ArrayList.java:1511)
at org.testng.TestRunner.privateRun(TestRunner.java:794)
at org.testng.TestRunner.run(TestRunner.java:596)
at org.testng.SuiteRunner.runTest(SuiteRunner.java:377)
at org.testng.SuiteRunner.runSequentially(SuiteRunner.java:371)
at org.testng.SuiteRunner.privateRun(SuiteRunner.java:332)
at org.testng.SuiteRunner.run(SuiteRunner.java:276)
at org.testng.SuiteRunnerWorker.runSuite(SuiteRunnerWorker.java:53)
at org.testng.SuiteRunnerWorker.run(SuiteRunnerWorker.java:96)
at org.testng.TestNG.runSuitesSequentially(TestNG.java:1212)
at org.testng.TestNG.runSuitesLocally(TestNG.java:1134)
at org.testng.TestNG.runSuites(TestNG.java:1063)
at org.testng.TestNG.run(TestNG.java:1031)
at org.testng.remote.AbstractRemoteTestNG.run(AbstractRemoteTestNG.java:115)
at org.testng.remote.RemoteTestNG.initAndRun(RemoteTestNG.java:251)
at org.testng.remote.RemoteTestNG.main(RemoteTestNG.java:77)
]]>
    </failure>
  </testcase> <!-- @BeforeClass Start -->
  <testcase classname="OrangeHRM_SmokeTest.Testcase4_PersonalInfo" name="@AfterClass End" time="-1.690710057952E9">
    <skipped/>
  </testcase> <!-- @AfterClass End -->
  <testcase classname="OrangeHRM_SmokeTest.Testcase4_PersonalInfo" name="PIM_AddEmployee" time="0.0">
    <skipped/>
  </testcase> <!-- PIM_AddEmployee -->
  <testcase classname="OrangeHRM_SmokeTest.Testcase4_PersonalInfo" name="PersonalDetails" time="0.0">
    <skipped/>
  </testcase> <!-- PersonalDetails -->
</testsuite> <!-- Default test -->
