2025-04-24 10:02:39.497 [main] INFO  Common.Listener - Test Suite: OrangeHrm started.
2025-04-24 10:02:49.653 [main] INFO  Common.Listener - Test Method: Leave_Accept started.
2025-04-24 10:02:49.662 [main] WARN  Common.Listener - Test Method: Leave_Accept skipped.
2025-04-24 10:02:49.697 [main] INFO  Common.Listener - Test Suite: OrangeHrm finished.
2025-04-24 10:14:01.368 [main] INFO  Common.Listener - Test Suite: OrangeHrm started.
2025-04-24 10:14:15.915 [main] INFO  Common.Listener - Test Method: Leave_Accept started.
2025-04-24 10:14:32.973 [main] INFO  Common.Listener - Test Method: Leave_Accept passed.
2025-04-24 10:14:33.198 [main] INFO  Common.Listener - Test Suite: OrangeHrm finished.
2025-04-24 10:54:09.407 [main] INFO  Common.Listener - Test Suite: OrangeHrm started.
2025-04-24 10:54:21.071 [main] INFO  Common.Listener - Test Method: Leave_Accept started.
2025-04-24 10:54:30.056 [main] ERROR Common.Listener - Test Method: Leave_Accept failed and the exception is : org.openqa.selenium.remote.UnreachableBrowserException: Error communicating with the remote browser. It may have died.
Build info: version: '4.10.0', revision: 'c14d967899'
System info: os.name: 'Windows 11', os.arch: 'amd64', os.version: '10.0', java.version: '19.0.1'
Driver info: org.openqa.selenium.chrome.ChromeDriver
Command: [4a8fbf3cd54452db0308233ad997e34a, findElement {using=xpath, value=//*[@class = 'oxd-sidepanel-body']//ul//li[3]//a//span[text() = 'Leave']}]
Capabilities {acceptInsecureCerts: false, browserName: chrome, browserVersion: 135.0.7049.114, chrome: {chromedriverVersion: 135.0.7049.114 (63fd8a7d9d0..., userDataDir: C:\Users\AAKILG~1\AppData\L...}, fedcm:accounts: true, goog:chromeOptions: {debuggerAddress: localhost:51030}, networkConnectionEnabled: false, pageLoadStrategy: normal, platformName: windows, proxy: Proxy(), se:cdp: ws://localhost:51030/devtoo..., se:cdpVersion: 135.0.7049.114, setWindowRect: true, strictFileInteractability: false, timeouts: {implicit: 0, pageLoad: 300000, script: 30000}, unhandledPromptBehavior: dismiss and notify, webauthn:extension:credBlob: true, webauthn:extension:largeBlob: true, webauthn:extension:minPinLength: true, webauthn:extension:prf: true, webauthn:virtualAuthenticators: true}
Session ID: 4a8fbf3cd54452db0308233ad997e34a
2025-04-24 10:54:34.291 [main] INFO  Common.Listener - Test Suite: OrangeHrm finished.
2025-04-24 10:55:13.348 [main] INFO  Common.Listener - Test Suite: OrangeHrm started.
2025-04-24 10:55:25.060 [main] INFO  Common.Listener - Test Method: Leave_Accept started.
2025-04-24 10:55:40.095 [main] ERROR Common.Listener - Test Method: Leave_Accept failed and the exception is : org.openqa.selenium.NoSuchElementException: no such element: Unable to locate element: {"method":"xpath","selector":"//*[@class = 'oxd-sidepanel-body']//ul//li[3]//a//span[text() = 'Leave']"}
  (Session info: chrome=135.0.7049.114)
For documentation on this error, please visit: https://www.selenium.dev/documentation/webdriver/troubleshooting/errors#no-such-element-exception
Build info: version: '4.10.0', revision: 'c14d967899'
System info: os.name: 'Windows 11', os.arch: 'amd64', os.version: '10.0', java.version: '19.0.1'
Driver info: org.openqa.selenium.chrome.ChromeDriver
Command: [63cb6736978207106ab591bb1352f369, findElement {using=xpath, value=//*[@class = 'oxd-sidepanel-body']//ul//li[3]//a//span[text() = 'Leave']}]
Capabilities {acceptInsecureCerts: false, browserName: chrome, browserVersion: 135.0.7049.114, chrome: {chromedriverVersion: 135.0.7049.114 (63fd8a7d9d0..., userDataDir: C:\Users\AAKILG~1\AppData\L...}, fedcm:accounts: true, goog:chromeOptions: {debuggerAddress: localhost:51063}, networkConnectionEnabled: false, pageLoadStrategy: normal, platformName: windows, proxy: Proxy(), se:cdp: ws://localhost:51063/devtoo..., se:cdpVersion: 135.0.7049.114, setWindowRect: true, strictFileInteractability: false, timeouts: {implicit: 0, pageLoad: 300000, script: 30000}, unhandledPromptBehavior: dismiss and notify, webauthn:extension:credBlob: true, webauthn:extension:largeBlob: true, webauthn:extension:minPinLength: true, webauthn:extension:prf: true, webauthn:virtualAuthenticators: true}
Session ID: 63cb6736978207106ab591bb1352f369
2025-04-24 10:55:40.386 [main] INFO  Common.Listener - Test Suite: OrangeHrm finished.
