2023-11-29 21:39:17.056 [main] INFO  Common.Listener - Test Suite: BusBooking started.
2023-11-29 21:39:21.535 [main] INFO  Common.Listener - Test Suite: BusBooking finished.
2023-11-29 21:40:21.964 [main] INFO  Common.Listener - Test Suite: BusBooking started.
2023-11-29 21:40:24.721 [main] INFO  Common.Listener - Test Suite: BusBooking finished.
2023-11-29 21:43:44.314 [main] INFO  Common.Listener - Test Suite: OrangeHrm started.
2023-11-29 21:43:56.936 [main] INFO  Common.Listener - Test Method: Admin_UserRole started.
2023-11-29 21:44:00.161 [main] INFO  Common.Listener - Test Method: Admin_UserRole passed.
2023-11-29 21:44:00.168 [main] INFO  Common.Listener - Test Method: Admin_EmployeeName started.
2023-11-29 21:44:05.366 [main] INFO  Common.Listener - Test Method: Admin_EmployeeName passed.
2023-11-29 21:44:05.369 [main] INFO  Common.Listener - Test Method: Admin_Status started.
2023-11-29 21:44:07.527 [main] INFO  Common.Listener - Test Method: Admin_Status passed.
2023-11-29 21:44:07.531 [main] INFO  Common.Listener - Test Method: Admin_Username started.
2023-11-29 21:44:09.607 [main] INFO  Common.Listener - Test Method: Admin_Username passed.
2023-11-29 21:44:09.608 [main] INFO  Common.Listener - Test Method: Admin_Password started.
2023-11-29 21:44:11.693 [main] INFO  Common.Listener - Test Method: Admin_Password passed.
2023-11-29 21:44:11.695 [main] INFO  Common.Listener - Test Method: Admin_ConfirmPassword started.
2023-11-29 21:44:18.864 [main] INFO  Common.Listener - Test Method: Admin_ConfirmPassword passed.
2023-11-29 21:44:18.866 [main] INFO  Common.Listener - Test Method: Admin_SystemUsername started.
2023-11-29 21:44:20.338 [main] INFO  Common.Listener - Test Method: Admin_SystemUsername passed.
2023-11-29 21:44:20.542 [main] INFO  Common.Listener - Test Suite: OrangeHrm finished.
2023-11-29 21:56:08.518 [main] INFO  Common.Listener - Test Suite: BusBooking started.
2023-11-29 21:56:15.608 [main] INFO  Common.Listener - Test Method: run started.
2023-11-29 21:56:30.673 [main] ERROR Common.Listener - Test Method: run failed and the exception is : org.openqa.selenium.NoSuchElementException: no such element: Unable to locate element: {"method":"xpath","selector":"//*[text() = 'From']//following-sibling::div[1]//text"}
  (Session info: chrome=119.0.6045.199)
For documentation on this error, please visit: https://www.selenium.dev/documentation/webdriver/troubleshooting/errors#no-such-element-exception
Build info: version: '4.10.0', revision: 'c14d967899'
System info: os.name: 'Windows 11', os.arch: 'amd64', os.version: '10.0', java.version: '19.0.1'
Driver info: org.openqa.selenium.chrome.ChromeDriver
Command: [eefedc0021e96ebb5dbc1b5b2efb2292, findElement {using=xpath, value=//*[text() = 'From']//following-sibling::div[1]//text}]
Capabilities {acceptInsecureCerts: false, browserName: chrome, browserVersion: 119.0.6045.199, chrome: {chromedriverVersion: 119.0.6045.105 (38c72552c5e..., userDataDir: C:\Users\AAKILG~1\AppData\L...}, fedcm:accounts: true, goog:chromeOptions: {debuggerAddress: localhost:54131}, networkConnectionEnabled: false, pageLoadStrategy: normal, platformName: windows, proxy: Proxy(), se:cdp: ws://localhost:54131/devtoo..., se:cdpVersion: 119.0.6045.199, setWindowRect: true, strictFileInteractability: false, timeouts: {implicit: 0, pageLoad: 300000, script: 30000}, unhandledPromptBehavior: dismiss and notify, webauthn:extension:credBlob: true, webauthn:extension:largeBlob: true, webauthn:extension:minPinLength: true, webauthn:extension:prf: true, webauthn:virtualAuthenticators: true}
Session ID: eefedc0021e96ebb5dbc1b5b2efb2292
2023-11-29 21:56:35.257 [main] INFO  Common.Listener - Test Suite: BusBooking finished.
2023-11-29 21:57:09.479 [main] INFO  Common.Listener - Test Suite: BusBooking started.
2023-11-29 21:57:15.845 [main] INFO  Common.Listener - Test Method: run started.
2023-11-29 21:57:30.911 [main] ERROR Common.Listener - Test Method: run failed and the exception is : org.openqa.selenium.NoSuchElementException: no such element: Unable to locate element: {"method":"xpath","selector":"//*[text() = 'From']//following-sibling::div[1]//text"}
  (Session info: chrome=119.0.6045.199)
For documentation on this error, please visit: https://www.selenium.dev/documentation/webdriver/troubleshooting/errors#no-such-element-exception
Build info: version: '4.10.0', revision: 'c14d967899'
System info: os.name: 'Windows 11', os.arch: 'amd64', os.version: '10.0', java.version: '19.0.1'
Driver info: org.openqa.selenium.chrome.ChromeDriver
Command: [43696921b6c8fe75a37065da4c09e579, findElement {using=xpath, value=//*[text() = 'From']//following-sibling::div[1]//text}]
Capabilities {acceptInsecureCerts: false, browserName: chrome, browserVersion: 119.0.6045.199, chrome: {chromedriverVersion: 119.0.6045.105 (38c72552c5e..., userDataDir: C:\Users\AAKILG~1\AppData\L...}, fedcm:accounts: true, goog:chromeOptions: {debuggerAddress: localhost:54218}, networkConnectionEnabled: false, pageLoadStrategy: normal, platformName: windows, proxy: Proxy(), se:cdp: ws://localhost:54218/devtoo..., se:cdpVersion: 119.0.6045.199, setWindowRect: true, strictFileInteractability: false, timeouts: {implicit: 0, pageLoad: 300000, script: 30000}, unhandledPromptBehavior: dismiss and notify, webauthn:extension:credBlob: true, webauthn:extension:largeBlob: true, webauthn:extension:minPinLength: true, webauthn:extension:prf: true, webauthn:virtualAuthenticators: true}
Session ID: 43696921b6c8fe75a37065da4c09e579
2023-11-29 21:57:31.054 [main] INFO  Common.Listener - Test Suite: BusBooking finished.
2023-11-29 21:58:08.876 [main] INFO  Common.Listener - Test Suite: BusBooking started.
2023-11-29 21:58:15.556 [main] INFO  Common.Listener - Test Method: run started.
2023-11-29 21:58:15.573 [main] WARN  Common.Listener - Test Method: run skipped.
2023-11-29 21:58:15.624 [main] INFO  Common.Listener - Test Suite: BusBooking finished.
2023-11-29 21:58:51.388 [main] INFO  Common.Listener - Test Suite: BusBooking started.
2023-11-29 22:02:35.398 [main] INFO  Common.Listener - Test Suite: BusBooking started.
2023-11-29 22:07:02.048 [main] INFO  Common.Listener - Test Suite: BusBooking started.
2023-11-29 22:07:09.170 [main] INFO  Common.Listener - Test Method: run started.
2023-11-29 22:07:24.246 [main] ERROR Common.Listener - Test Method: run failed and the exception is : org.openqa.selenium.NoSuchElementException: no such element: Unable to locate element: {"method":"xpath","selector":"//*[text() = 'From']//following-sibling::div[1]//text"}
  (Session info: chrome=119.0.6045.199)
For documentation on this error, please visit: https://www.selenium.dev/documentation/webdriver/troubleshooting/errors#no-such-element-exception
Build info: version: '4.10.0', revision: 'c14d967899'
System info: os.name: 'Windows 11', os.arch: 'amd64', os.version: '10.0', java.version: '19.0.1'
Driver info: org.openqa.selenium.chrome.ChromeDriver
Command: [d53601df6ef2490970d2861bd483835b, findElement {using=xpath, value=//*[text() = 'From']//following-sibling::div[1]//text}]
Capabilities {acceptInsecureCerts: false, browserName: chrome, browserVersion: 119.0.6045.199, chrome: {chromedriverVersion: 119.0.6045.105 (38c72552c5e..., userDataDir: C:\Users\AAKILG~1\AppData\L...}, fedcm:accounts: true, goog:chromeOptions: {debuggerAddress: localhost:55288}, networkConnectionEnabled: false, pageLoadStrategy: normal, platformName: windows, proxy: Proxy(), se:cdp: ws://localhost:55288/devtoo..., se:cdpVersion: 119.0.6045.199, setWindowRect: true, strictFileInteractability: false, timeouts: {implicit: 0, pageLoad: 300000, script: 30000}, unhandledPromptBehavior: dismiss and notify, webauthn:extension:credBlob: true, webauthn:extension:largeBlob: true, webauthn:extension:minPinLength: true, webauthn:extension:prf: true, webauthn:virtualAuthenticators: true}
Session ID: d53601df6ef2490970d2861bd483835b
2023-11-29 22:07:24.486 [main] INFO  Common.Listener - Test Suite: BusBooking finished.
2023-11-29 22:08:23.660 [main] INFO  Common.Listener - Test Suite: BusBooking started.
2023-11-29 22:09:38.336 [main] INFO  Common.Listener - Test Suite: BusBooking started.
2023-11-29 22:09:51.722 [main] INFO  Common.Listener - Test Method: run started.
2023-11-29 22:09:51.732 [main] WARN  Common.Listener - Test Method: run skipped.
2023-11-29 22:09:51.772 [main] INFO  Common.Listener - Test Suite: BusBooking finished.
2023-11-29 22:12:38.441 [main] INFO  Common.Listener - Test Suite: BusBooking started.
2023-11-29 22:12:45.701 [main] INFO  Common.Listener - Test Method: run started.
2023-11-29 22:13:00.805 [main] ERROR Common.Listener - Test Method: run failed and the exception is : org.openqa.selenium.NoSuchElementException: no such element: Unable to locate element: {"method":"xpath","selector":"//*[text() = 'From']//following-sibling::div[1]//text"}
  (Session info: chrome=119.0.6045.199)
For documentation on this error, please visit: https://www.selenium.dev/documentation/webdriver/troubleshooting/errors#no-such-element-exception
Build info: version: '4.10.0', revision: 'c14d967899'
System info: os.name: 'Windows 11', os.arch: 'amd64', os.version: '10.0', java.version: '19.0.1'
Driver info: org.openqa.selenium.chrome.ChromeDriver
Command: [4978263ae2a4bd7091c670bc2ae53efe, findElement {using=xpath, value=//*[text() = 'From']//following-sibling::div[1]//text}]
Capabilities {acceptInsecureCerts: false, browserName: chrome, browserVersion: 119.0.6045.199, chrome: {chromedriverVersion: 119.0.6045.105 (38c72552c5e..., userDataDir: C:\Users\AAKILG~1\AppData\L...}, fedcm:accounts: true, goog:chromeOptions: {debuggerAddress: localhost:55840}, networkConnectionEnabled: false, pageLoadStrategy: normal, platformName: windows, proxy: Proxy(), se:cdp: ws://localhost:55840/devtoo..., se:cdpVersion: 119.0.6045.199, setWindowRect: true, strictFileInteractability: false, timeouts: {implicit: 0, pageLoad: 300000, script: 30000}, unhandledPromptBehavior: dismiss and notify, webauthn:extension:credBlob: true, webauthn:extension:largeBlob: true, webauthn:extension:minPinLength: true, webauthn:extension:prf: true, webauthn:virtualAuthenticators: true}
Session ID: 4978263ae2a4bd7091c670bc2ae53efe
2023-11-29 22:13:01.045 [main] INFO  Common.Listener - Test Suite: BusBooking finished.
2023-11-29 22:41:10.457 [main] INFO  Common.Listener - Test Suite: BusBooking started.
2023-11-29 22:41:18.799 [main] INFO  Common.Listener - Test Method: run started.
2023-11-29 22:41:20.311 [main] INFO  Common.Listener - Test Method: run passed.
2023-11-29 22:41:20.349 [main] INFO  Common.Listener - Test Suite: BusBooking finished.
