2023-12-03 20:21:20.824 [main] INFO  Common.Listener - Test Suite: BusBooking started.
2023-12-03 20:21:31.105 [main] INFO  Common.Listener - Test Method: run started.
2023-12-03 20:21:33.037 [main] INFO  Common.Listener - Test Method: run passed.
2023-12-03 20:21:33.068 [main] INFO  Common.Listener - Test Suite: BusBooking finished.
2023-12-03 20:22:20.628 [main] INFO  Common.Listener - Test Suite: BusBooking started.
2023-12-03 20:22:28.199 [main] INFO  Common.Listener - Test Method: run started.
2023-12-03 20:22:30.052 [main] INFO  Common.Listener - Test Method: run passed.
2023-12-03 20:22:30.083 [main] INFO  Common.Listener - Test Suite: BusBooking finished.
2023-12-03 20:24:04.513 [main] INFO  Common.Listener - Test Suite: BusBooking started.
2023-12-03 20:24:11.537 [main] INFO  Common.Listener - Test Method: run started.
2023-12-03 20:24:13.388 [main] INFO  Common.Listener - Test Method: run passed.
2023-12-03 20:24:13.412 [main] INFO  Common.Listener - Test Suite: BusBooking finished.
2023-12-03 21:20:00.304 [main] INFO  Common.Listener - Test Suite: BusBooking started.
2023-12-03 21:20:07.617 [main] INFO  Common.Listener - Test Method: run started.
2023-12-03 21:20:14.804 [main] ERROR Common.Listener - Test Method: run failed and the exception is : java.lang.IllegalArgumentException: Sheet index (4) is out of range (0..3)
2023-12-03 21:20:18.739 [main] INFO  Common.Listener - Test Suite: BusBooking finished.
2023-12-03 21:21:16.099 [main] INFO  Common.Listener - Test Suite: BusBooking started.
2023-12-03 21:21:23.523 [main] INFO  Common.Listener - Test Method: run started.
2023-12-03 21:21:30.746 [main] ERROR Common.Listener - Test Method: run failed and the exception is : java.lang.NullPointerException: Cannot invoke "org.apache.poi.xssf.usermodel.XSSFRow.createCell(int)" because the return value of "org.apache.poi.xssf.usermodel.XSSFSheet.getRow(int)" is null
2023-12-03 21:21:30.922 [main] INFO  Common.Listener - Test Suite: BusBooking finished.
2023-12-03 21:22:11.482 [main] INFO  Common.Listener - Test Suite: BusBooking started.
2023-12-03 21:22:18.500 [main] INFO  Common.Listener - Test Method: run started.
2023-12-03 21:25:29.975 [main] INFO  Common.Listener - Test Suite: BusBooking started.
2023-12-03 21:25:37.149 [main] INFO  Common.Listener - Test Method: run started.
2023-12-03 21:29:42.516 [main] INFO  Common.Listener - Test Suite: BusBooking started.
2023-12-03 21:29:50.108 [main] INFO  Common.Listener - Test Method: run started.
2023-12-03 21:31:00.343 [main] INFO  Common.Listener - Test Suite: BusBooking started.
2023-12-03 21:31:07.973 [main] INFO  Common.Listener - Test Method: run started.
2023-12-03 21:32:37.185 [main] INFO  Common.Listener - Test Suite: BusBooking started.
2023-12-03 21:32:44.101 [main] INFO  Common.Listener - Test Method: run started.
2023-12-03 21:33:09.324 [main] ERROR Common.Listener - Test Method: run failed and the exception is : org.openqa.selenium.NoSuchElementException: no such element: Unable to locate element: {"method":"xpath","selector":"//*[@class = 'icon icon-close']"}
  (Session info: chrome=119.0.6045.199)
For documentation on this error, please visit: https://www.selenium.dev/documentation/webdriver/troubleshooting/errors#no-such-element-exception
Build info: version: '4.10.0', revision: 'c14d967899'
System info: os.name: 'Windows 11', os.arch: 'amd64', os.version: '10.0', java.version: '19.0.1'
Driver info: org.openqa.selenium.chrome.ChromeDriver
Command: [f408ebf616acb9ad28595891b43d1f5f, findElement {using=xpath, value=//*[@class = 'icon icon-close']}]
Capabilities {acceptInsecureCerts: false, browserName: chrome, browserVersion: 119.0.6045.199, chrome: {chromedriverVersion: 119.0.6045.105 (38c72552c5e..., userDataDir: C:\Users\AAKILG~1\AppData\L...}, fedcm:accounts: true, goog:chromeOptions: {debuggerAddress: localhost:65487}, networkConnectionEnabled: false, pageLoadStrategy: normal, platformName: windows, proxy: Proxy(), se:cdp: ws://localhost:65487/devtoo..., se:cdpVersion: 119.0.6045.199, setWindowRect: true, strictFileInteractability: false, timeouts: {implicit: 0, pageLoad: 300000, script: 30000}, unhandledPromptBehavior: dismiss and notify, webauthn:extension:credBlob: true, webauthn:extension:largeBlob: true, webauthn:extension:minPinLength: true, webauthn:extension:prf: true, webauthn:virtualAuthenticators: true}
Session ID: f408ebf616acb9ad28595891b43d1f5f
2023-12-03 21:33:09.475 [main] INFO  Common.Listener - Test Suite: BusBooking finished.
2023-12-03 21:34:23.172 [main] INFO  Common.Listener - Test Suite: BusBooking started.
2023-12-03 21:34:30.713 [main] INFO  Common.Listener - Test Method: run started.
2023-12-03 21:34:54.968 [main] ERROR Common.Listener - Test Method: run failed and the exception is : org.openqa.selenium.NoSuchElementException: no such element: Unable to locate element: {"method":"xpath","selector":"//*[@class = 'icon icon-close']"}
  (Session info: chrome=119.0.6045.199)
For documentation on this error, please visit: https://www.selenium.dev/documentation/webdriver/troubleshooting/errors#no-such-element-exception
Build info: version: '4.10.0', revision: 'c14d967899'
System info: os.name: 'Windows 11', os.arch: 'amd64', os.version: '10.0', java.version: '19.0.1'
Driver info: org.openqa.selenium.chrome.ChromeDriver
Command: [f75e370c156ab686c0c0671fe94b8e5a, findElement {using=xpath, value=//*[@class = 'icon icon-close']}]
Capabilities {acceptInsecureCerts: false, browserName: chrome, browserVersion: 119.0.6045.199, chrome: {chromedriverVersion: 119.0.6045.105 (38c72552c5e..., userDataDir: C:\Users\AAKILG~1\AppData\L...}, fedcm:accounts: true, goog:chromeOptions: {debuggerAddress: localhost:49273}, networkConnectionEnabled: false, pageLoadStrategy: normal, platformName: windows, proxy: Proxy(), se:cdp: ws://localhost:49273/devtoo..., se:cdpVersion: 119.0.6045.199, setWindowRect: true, strictFileInteractability: false, timeouts: {implicit: 0, pageLoad: 300000, script: 30000}, unhandledPromptBehavior: dismiss and notify, webauthn:extension:credBlob: true, webauthn:extension:largeBlob: true, webauthn:extension:minPinLength: true, webauthn:extension:prf: true, webauthn:virtualAuthenticators: true}
Session ID: f75e370c156ab686c0c0671fe94b8e5a
2023-12-03 21:34:55.103 [main] INFO  Common.Listener - Test Suite: BusBooking finished.
2023-12-03 21:37:12.861 [main] INFO  Common.Listener - Test Suite: BusBooking started.
2023-12-03 21:37:20.616 [main] INFO  Common.Listener - Test Method: run started.
2023-12-03 21:38:31.716 [main] INFO  Common.Listener - Test Suite: BusBooking started.
2023-12-03 21:38:39.201 [main] INFO  Common.Listener - Test Method: run started.
2023-12-03 21:53:19.092 [main] INFO  Common.Listener - Test Suite: BusBooking started.
2023-12-03 21:53:25.823 [main] INFO  Common.Listener - Test Method: run started.
2023-12-03 21:53:32.789 [main] ERROR Common.Listener - Test Method: run failed and the exception is : java.lang.NullPointerException: Cannot invoke "org.apache.poi.xssf.usermodel.XSSFRow.createCell(int)" because the return value of "org.apache.poi.xssf.usermodel.XSSFSheet.getRow(int)" is null
2023-12-03 21:53:32.932 [main] INFO  Common.Listener - Test Suite: BusBooking finished.
2023-12-03 21:55:13.955 [main] INFO  Common.Listener - Test Suite: BusBooking started.
2023-12-03 21:55:21.004 [main] INFO  Common.Listener - Test Method: run started.
2023-12-03 21:55:31.210 [main] ERROR Common.Listener - Test Method: run failed and the exception is : java.lang.NullPointerException: Cannot invoke "org.apache.poi.xssf.usermodel.XSSFRow.createCell(int)" because the return value of "org.apache.poi.xssf.usermodel.XSSFSheet.getRow(int)" is null
2023-12-03 21:55:31.444 [main] INFO  Common.Listener - Test Suite: BusBooking finished.
